<catalog>

  <!-- Single command "chains" from CatalogBaseTestCase -->
  <command   name="AddingCommand"
        className="org.apache.commons.chain.impl.AddingCommand"/>
  <command   name="DelegatingCommand"
        className="org.apache.commons.chain.impl.DelegatingCommand"/>
  <command   name="DelegatingFilter"
        className="org.apache.commons.chain.impl.DelegatingFilter"/>
  <command   name="ExceptionCommand"
        className="org.apache.commons.chain.impl.ExceptionCommand"/>
  <command   name="ExceptionFilter"
        className="org.apache.commons.chain.impl.ExceptionFilter"/>
  <command   name="NonDelegatingCommand"
        className="org.apache.commons.chain.impl.NonDelegatingCommand"/>
  <command   name="NonDelegatingFilter"
        className="org.apache.commons.chain.impl.NonDelegatingFilter"/>
  <chain     name="ChainBase"
        className="org.apache.commons.chain.config.TestChain"/>

  <!-- Configurable command with settable properties -->
  <command   name="Configurable"
        className="org.apache.commons.chain.config.TestCommand"
              foo="Foo Value"
              bar="Bar Value"/>

  <!-- Chains with nested commands -->
  <chain     name="Execute2a">
    <command   id="1"
        className="org.apache.commons.chain.impl.DelegatingCommand"/>
    <command   id="2"
        className="org.apache.commons.chain.impl.DelegatingCommand"/>
    <command   id="3"
        className="org.apache.commons.chain.impl.NonDelegatingCommand"/>
  </chain>
  <chain     name="Execute2b">
    <command   id="1"
        className="org.apache.commons.chain.impl.DelegatingCommand"/>
    <command   id="2"
        className="org.apache.commons.chain.impl.DelegatingCommand"/>
    <command   id="3"
        className="org.apache.commons.chain.impl.DelegatingCommand"/>
  </chain>
  <chain     name="Execute2c">
    <command   id="1"
        className="org.apache.commons.chain.impl.DelegatingCommand"/>
    <command   id="2"
        className="org.apache.commons.chain.impl.DelegatingCommand"/>
    <command   id="3"
        className="org.apache.commons.chain.impl.ExceptionCommand"/>
  </chain>
  <chain      name="Execute2d">
    <command   id="1"
        className="org.apache.commons.chain.impl.DelegatingCommand"/>
    <command   id="2"
        className="org.apache.commons.chain.impl.ExceptionCommand"/>
    <command   id="3"
        className="org.apache.commons.chain.impl.NonDelegatingCommand"/>
  </chain>
  <chain      name="Execute4a">
    <command   id="1"
              id2="a"
        className="org.apache.commons.chain.impl.DelegatingFilter"/>
    <command   id="2"
        className="org.apache.commons.chain.impl.DelegatingCommand"/>
    <command   id="3"
              id2="c"
        className="org.apache.commons.chain.impl.NonDelegatingFilter"/>
  </chain>
  <chain      name="Execute4b">
    <command   id="1"
        className="org.apache.commons.chain.impl.DelegatingCommand"/>
    <command   id="2"
              id2="b"
        className="org.apache.commons.chain.impl.DelegatingFilter"/>
    <command   id="3"
        className="org.apache.commons.chain.impl.DelegatingCommand"/>
  </chain>
  <chain      name="Execute4c">
    <command   id="1"
              id2="a"
        className="org.apache.commons.chain.impl.DelegatingFilter"/>
    <command   id="2"
              id2="b"
        className="org.apache.commons.chain.impl.DelegatingFilter"/>
    <command   id="3"
              id2="c"
        className="org.apache.commons.chain.impl.ExceptionFilter"/>
  </chain>
  <chain      name="Execute4d">
    <command   id="1"
              id2="a"
        className="org.apache.commons.chain.impl.DelegatingFilter"/>
    <command   id="2"
              id2="b"
        className="org.apache.commons.chain.impl.ExceptionFilter"/>
    <command   id="3"
              id2="c"
        className="org.apache.commons.chain.impl.NonDelegatingFilter"/>
  </chain>

</catalog>
